yCommerceApp/build/outputs/logs/manifest-merger-b2c-local-release-report.txt
-- Merging decision tree log ---
manifest
ADDED from hybris-Mobile-Apps-SDK-Android\yCommerceApp\AndroidManifest.xml:2:1-177:12
	package
		ADDED from hybris-Mobile-Apps-SDK-Android\yCommerceApp\AndroidManifest.xml:3:5-45
		INJECTED from hybris-Mobile-Apps-SDK-Android\yCommerceApp\AndroidManifest.xml
		ADDED from hybris-Mobile-Apps-SDK-Android\yCommerceApp\AndroidManifest.xml:3:5-45
		INJECTED from yCommerceApp\b2c\AndroidManifest.xml
	xmlns:android
		ADDED from hybris-Mobile-Apps-SDK-Android\yCommerceApp\AndroidManifest.xml:2:11-69
uses-sdk
ADDED from hybris-Mobile-Apps-SDK-Android\yCommerceApp\AndroidManifest.xml:5:5-7:41
MERGED from [hybris-Mobile-Apps-SDK-Android:yB2CLibrary:unspecified] AndroidManifest.xml:5:5-7:41
MERGED from [hybris-Mobile-Apps-SDK-Android:yCommerceLibrary:unspecified] AndroidManifest.xml:7:5-9:41
MERGED from [hybris-Mobile-Apps-SDK-Android:yHTTPClientLibrary:unspecified] AndroidManifest.xml:7:5-9:41
MERGED from [com.android.volley:volley:1.0.0] AndroidManifest.xml:7:5-43
MERGED from [com.android.support:support-v13:23.4.0] AndroidManifest.xml:20:5-44
MERGED from [com.sothree.slidinguppanel:library:3.3.0] AndroidManifest.xml:7:5-43
MERGED from [com.android.support:recyclerview-v7:23.1.1] AndroidManifest.xml:20:5-43
MERGED from [com.astuetz:pagerslidingtabstrip:1.0.1] AndroidManifest.xml:2:5-72
MERGED from [hybris-Mobile-Apps-SDK-Android:yUILibrary:unspecified] AndroidManifest.xml:7:5-9:41
MERGED from [hybris-Mobile-Apps-SDK-Android:yLocationLibrary:unspecified] AndroidManifest.xml:8:5-10:41
MERGED from [com.google.android.gms:play-services-location:9.0.0] AndroidManifest.xml:18:5-42
MERGED from [com.google.android.gms:play-services-maps:9.0.0] AndroidManifest.xml:26:5-42
MERGED from [com.google.android.gms:play-services-base:9.0.0] AndroidManifest.xml:18:5-42
MERGED from [com.google.firebase:firebase-common:9.0.0] AndroidManifest.xml:4:5-43
MERGED from [com.google.android.gms:play-services-tasks:9.0.0] AndroidManifest.xml:4:5-43
MERGED from [com.google.android.gms:play-services-basement:9.0.0] AndroidManifest.xml:18:5-42
MERGED from [hybris-Mobile-Apps-SDK-Android:yScannerLibrary:unspecified] AndroidManifest.xml:5:5-7:41
MERGED from [com.journeyapps:zxing-android-embedded:3.2.0] AndroidManifest.xml:19:5-43
MERGED from [com.android.support:appcompat-v7:23.4.0] AndroidManifest.xml:21:5-23:78
MERGED from [com.android.support:animated-vector-drawable:23.4.0] AndroidManifest.xml:5:5-44
MERGED from [com.android.support:support-vector-drawable:23.4.0] AndroidManifest.xml:5:5-43
MERGED from [com.android.support:support-v4:23.4.0] AndroidManifest.xml:20:5-43
	tools:overrideLibrary
		ADDED from [com.android.support:appcompat-v7:23.4.0] AndroidManifest.xml:23:9-75
	android:targetSdkVersion
		ADDED from hybris-Mobile-Apps-SDK-Android\yCommerceApp\AndroidManifest.xml:7:9-38
		INJECTED from hybris-Mobile-Apps-SDK-Android\yCommerceApp\AndroidManifest.xml
		INJECTED from yCommerceApp\b2c\AndroidManifest.xml
	android:minSdkVersion
		ADDED from hybris-Mobile-Apps-SDK-Android\yCommerceApp\AndroidManifest.xml:6:9-35
		INJECTED from hybris-Mobile-Apps-SDK-Android\yCommerceApp\AndroidManifest.xml
		INJECTED from yCommerceApp\b2c\AndroidManifest.xml
uses-permission#android.permission.INTERNET
ADDED from hybris-Mobile-Apps-SDK-Android\yCommerceApp\AndroidManifest.xml:9:5-67
MERGED from [com.google.android.gms:play-services-maps:9.0.0] AndroidManifest.xml:21:5-66
	android:name
		ADDED from hybris-Mobile-Apps-SDK-Android\yCommerceApp\AndroidManifest.xml:9:22-64
uses-permission#android.permission.ACCESS_NETWORK_STATE
ADDED from hybris-Mobile-Apps-SDK-Android\yCommerceApp\AndroidManifest.xml:10:5-79
MERGED from [com.google.android.gms:play-services-maps:9.0.0] AndroidManifest.xml:20:5-78
	android:name
		ADDED from hybris-Mobile-Apps-SDK-Android\yCommerceApp\AndroidManifest.xml:10:22-76
uses-permission#android.permission.CALL_PHONE
ADDED from hybris-Mobile-Apps-SDK-Android\yCommerceApp\AndroidManifest.xml:11:5-69
	android:name
		ADDED from hybris-Mobile-Apps-SDK-Android\yCommerceApp\AndroidManifest.xml:11:22-66
uses-permission#android.permission.READ_SYNC_SETTINGS
ADDED from hybris-Mobile-Apps-SDK-Android\yCommerceApp\AndroidManifest.xml:14:5-77
	android:name
		ADDED from hybris-Mobile-Apps-SDK-Android\yCommerceApp\AndroidManifest.xml:14:22-74
uses-permission#android.permission.WRITE_SYNC_SETTINGS
ADDED from hybris-Mobile-Apps-SDK-Android\yCommerceApp\AndroidManifest.xml:15:5-78
	android:name
		ADDED from hybris-Mobile-Apps-SDK-Android\yCommerceApp\AndroidManifest.xml:15:22-75
uses-permission#android.permission.AUTHENTICATE_ACCOUNTS
ADDED from hybris-Mobile-Apps-SDK-Android\yCommerceApp\AndroidManifest.xml:16:5-80
	android:name
		ADDED from hybris-Mobile-Apps-SDK-Android\yCommerceApp\AndroidManifest.xml:16:22-77
uses-permission#android.permission.WRITE_EXTERNAL_STORAGE
ADDED from hybris-Mobile-Apps-SDK-Android\yCommerceApp\AndroidManifest.xml:19:5-81
	android:name
		ADDED from hybris-Mobile-Apps-SDK-Android\yCommerceApp\AndroidManifest.xml:19:22-78
uses-permission#android.permission.ACCESS_COARSE_LOCATION
ADDED from hybris-Mobile-Apps-SDK-Android\yCommerceApp\AndroidManifest.xml:22:5-81
	android:name
		ADDED from hybris-Mobile-Apps-SDK-Android\yCommerceApp\AndroidManifest.xml:22:22-78
uses-permission#android.permission.ACCESS_FINE_LOCATION
ADDED from hybris-Mobile-Apps-SDK-Android\yCommerceApp\AndroidManifest.xml:23:5-79
	android:name
		ADDED from hybris-Mobile-Apps-SDK-Android\yCommerceApp\AndroidManifest.xml:23:22-76
uses-feature#0x00020000
ADDED from hybris-Mobile-Apps-SDK-Android\yCommerceApp\AndroidManifest.xml:25:5-27:35
MERGED from [com.google.android.gms:play-services-maps:9.0.0] AndroidManifest.xml:22:5-24:33
	android:glEsVersion
		ADDED from hybris-Mobile-Apps-SDK-Android\yCommerceApp\AndroidManifest.xml:26:9-41
	android:required
		ADDED from hybris-Mobile-Apps-SDK-Android\yCommerceApp\AndroidManifest.xml:27:9-32
application
ADDED from hybris-Mobile-Apps-SDK-Android\yCommerceApp\AndroidManifest.xml:29:5-175:19
MERGED from hybris-Mobile-Apps-SDK-Android\yCommerceApp\AndroidManifest.xml:29:5-175:19
MERGED from [hybris-Mobile-Apps-SDK-Android:yB2CLibrary:unspecified] AndroidManifest.xml:9:5-20
MERGED from [hybris-Mobile-Apps-SDK-Android:yCommerceLibrary:unspecified] AndroidManifest.xml:11:5-20
MERGED from [hybris-Mobile-Apps-SDK-Android:yHTTPClientLibrary:unspecified] AndroidManifest.xml:11:5-20
MERGED from [com.android.volley:volley:1.0.0] AndroidManifest.xml:9:5-20
MERGED from [com.android.support:support-v13:23.4.0] AndroidManifest.xml:22:5-20
MERGED from [com.sothree.slidinguppanel:library:3.3.0] AndroidManifest.xml:9:5-20
MERGED from [com.astuetz:pagerslidingtabstrip:1.0.1] AndroidManifest.xml:4:5-19
MERGED from [hybris-Mobile-Apps-SDK-Android:yUILibrary:unspecified] AndroidManifest.xml:11:5-20
MERGED from [hybris-Mobile-Apps-SDK-Android:yLocationLibrary:unspecified] AndroidManifest.xml:12:5-20
MERGED from [com.google.android.gms:play-services-location:9.0.0] AndroidManifest.xml:19:5-20
MERGED from [com.google.android.gms:play-services-maps:9.0.0] AndroidManifest.xml:27:5-20
MERGED from [com.google.android.gms:play-services-base:9.0.0] AndroidManifest.xml:19:5-23:19
MERGED from [com.google.firebase:firebase-common:9.0.0] AndroidManifest.xml:5:5-12:19
MERGED from [com.google.android.gms:play-services-tasks:9.0.0] AndroidManifest.xml:5:5-20
MERGED from [com.google.android.gms:play-services-basement:9.0.0] AndroidManifest.xml:20:5-24:19
MERGED from [hybris-Mobile-Apps-SDK-Android:yScannerLibrary:unspecified] AndroidManifest.xml:9:5-11:19
MERGED from [com.journeyapps:zxing-android-embedded:3.2.0] AndroidManifest.xml:45:5-53:19
MERGED from [com.android.support:appcompat-v7:23.4.0] AndroidManifest.xml:25:5-20
MERGED from [com.android.support:animated-vector-drawable:23.4.0] AndroidManifest.xml:7:5-20
MERGED from [com.android.support:support-vector-drawable:23.4.0] AndroidManifest.xml:7:5-20
MERGED from [com.android.support:support-v4:23.4.0] AndroidManifest.xml:22:5-20
	android:label
		ADDED from hybris-Mobile-Apps-SDK-Android\yCommerceApp\AndroidManifest.xml:33:9-41
		ADDED from hybris-Mobile-Apps-SDK-Android\yCommerceApp\AndroidManifest.xml:33:9-41
	android:allowBackup
		ADDED from hybris-Mobile-Apps-SDK-Android\yCommerceApp\AndroidManifest.xml:31:9-36
		ADDED from hybris-Mobile-Apps-SDK-Android\yCommerceApp\AndroidManifest.xml:31:9-36
	android:icon
		ADDED from hybris-Mobile-Apps-SDK-Android\yCommerceApp\AndroidManifest.xml:32:9-45
		ADDED from hybris-Mobile-Apps-SDK-Android\yCommerceApp\AndroidManifest.xml:32:9-45
	android:theme
		ADDED from hybris-Mobile-Apps-SDK-Android\yCommerceApp\AndroidManifest.xml:34:9-44
		ADDED from hybris-Mobile-Apps-SDK-Android\yCommerceApp\AndroidManifest.xml:34:9-44
	android:name
		ADDED from hybris-Mobile-Apps-SDK-Android\yCommerceApp\AndroidManifest.xml:30:9-74
		ADDED from hybris-Mobile-Apps-SDK-Android\yCommerceApp\AndroidManifest.xml:30:9-74
meta-data#com.google.android.maps.v2.API_KEY
ADDED from hybris-Mobile-Apps-SDK-Android\yCommerceApp\AndroidManifest.xml:37:9-39:58
	android:value
		ADDED from hybris-Mobile-Apps-SDK-Android\yCommerceApp\AndroidManifest.xml:39:13-55
	android:name
		ADDED from hybris-Mobile-Apps-SDK-Android\yCommerceApp\AndroidManifest.xml:38:13-62
meta-data#com.google.android.gms.version
ADDED from hybris-Mobile-Apps-SDK-Android\yCommerceApp\AndroidManifest.xml:42:9-44:69
MERGED from [com.google.android.gms:play-services-basement:9.0.0] AndroidManifest.xml:21:9-23:69
	android:value
		ADDED from hybris-Mobile-Apps-SDK-Android\yCommerceApp\AndroidManifest.xml:44:13-66
	android:name
		ADDED from hybris-Mobile-Apps-SDK-Android\yCommerceApp\AndroidManifest.xml:43:13-58
meta-data#android.app.default_searchable
ADDED from hybris-Mobile-Apps-SDK-Android\yCommerceApp\AndroidManifest.xml:47:9-49:93
	android:value
		ADDED from hybris-Mobile-Apps-SDK-Android\yCommerceApp\AndroidManifest.xml:49:13-90
	android:name
		ADDED from hybris-Mobile-Apps-SDK-Android\yCommerceApp\AndroidManifest.xml:48:13-58
activity#com.hybris.mobile.app.commerce.activity.SplashScreenActivity
ADDED from hybris-Mobile-Apps-SDK-Android\yCommerceApp\AndroidManifest.xml:51:9-59:20
	android:screenOrientation
		ADDED from hybris-Mobile-Apps-SDK-Android\yCommerceApp\AndroidManifest.xml:53:13-55
	android:theme
		ADDED from hybris-Mobile-Apps-SDK-Android\yCommerceApp\AndroidManifest.xml:54:13-71
	android:name
		ADDED from hybris-Mobile-Apps-SDK-Android\yCommerceApp\AndroidManifest.xml:52:13-88
intent-filter#android.intent.action.MAIN+android.intent.category.LAUNCHER
ADDED from hybris-Mobile-Apps-SDK-Android\yCommerceApp\AndroidManifest.xml:55:13-58:29
action#android.intent.action.MAIN
ADDED from hybris-Mobile-Apps-SDK-Android\yCommerceApp\AndroidManifest.xml:56:17-69
	android:name
		ADDED from hybris-Mobile-Apps-SDK-Android\yCommerceApp\AndroidManifest.xml:56:25-66
category#android.intent.category.LAUNCHER
ADDED from hybris-Mobile-Apps-SDK-Android\yCommerceApp\AndroidManifest.xml:57:17-77
	android:name
		ADDED from hybris-Mobile-Apps-SDK-Android\yCommerceApp\AndroidManifest.xml:57:27-74
activity#com.hybris.mobile.app.commerce.activity.SearchCatalogActivity
ADDED from hybris-Mobile-Apps-SDK-Android\yCommerceApp\AndroidManifest.xml:61:9-72:20
	android:launchMode
		ADDED from hybris-Mobile-Apps-SDK-Android\yCommerceApp\AndroidManifest.xml:64:13-43
	android:exported
		ADDED from hybris-Mobile-Apps-SDK-Android\yCommerceApp\AndroidManifest.xml:63:13-37
	android:name
		ADDED from hybris-Mobile-Apps-SDK-Android\yCommerceApp\AndroidManifest.xml:62:13-89
intent-filter#android.intent.action.SEARCH
ADDED from hybris-Mobile-Apps-SDK-Android\yCommerceApp\AndroidManifest.xml:65:13-67:29
action#android.intent.action.SEARCH
ADDED from hybris-Mobile-Apps-SDK-Android\yCommerceApp\AndroidManifest.xml:66:17-71
	android:name
		ADDED from hybris-Mobile-Apps-SDK-Android\yCommerceApp\AndroidManifest.xml:66:25-68
meta-data#android.app.searchable
ADDED from hybris-Mobile-Apps-SDK-Android\yCommerceApp\AndroidManifest.xml:69:13-71:63
	android:resource
		ADDED from hybris-Mobile-Apps-SDK-Android\yCommerceApp\AndroidManifest.xml:71:17-60
	android:name
		ADDED from hybris-Mobile-Apps-SDK-Android\yCommerceApp\AndroidManifest.xml:70:17-54
activity#com.hybris.mobile.app.commerce.activity.CatalogActivity
ADDED from hybris-Mobile-Apps-SDK-Android\yCommerceApp\AndroidManifest.xml:74:9-92
	android:name
		ADDED from hybris-Mobile-Apps-SDK-Android\yCommerceApp\AndroidManifest.xml:74:19-89
activity#com.hybris.mobile.app.commerce.activity.DashboardActivity
ADDED from hybris-Mobile-Apps-SDK-Android\yCommerceApp\AndroidManifest.xml:75:9-94
	android:name
		ADDED from hybris-Mobile-Apps-SDK-Android\yCommerceApp\AndroidManifest.xml:75:19-91
activity#com.hybris.mobile.app.commerce.activity.AccountActivity
ADDED from hybris-Mobile-Apps-SDK-Android\yCommerceApp\AndroidManifest.xml:76:9-78:52
	android:screenOrientation
		ADDED from hybris-Mobile-Apps-SDK-Android\yCommerceApp\AndroidManifest.xml:78:13-49
	android:name
		ADDED from hybris-Mobile-Apps-SDK-Android\yCommerceApp\AndroidManifest.xml:77:13-53
activity#com.hybris.mobile.app.commerce.activity.OrderHistoryActivity
ADDED from hybris-Mobile-Apps-SDK-Android\yCommerceApp\AndroidManifest.xml:79:9-90:20
	android:launchMode
		ADDED from hybris-Mobile-Apps-SDK-Android\yCommerceApp\AndroidManifest.xml:82:13-43
	android:exported
		ADDED from hybris-Mobile-Apps-SDK-Android\yCommerceApp\AndroidManifest.xml:81:13-37
	android:name
		ADDED from hybris-Mobile-Apps-SDK-Android\yCommerceApp\AndroidManifest.xml:80:13-88
activity#com.hybris.mobile.app.commerce.activity.OrderDetailActivity
ADDED from hybris-Mobile-Apps-SDK-Android\yCommerceApp\AndroidManifest.xml:92:9-111:20
	android:launchMode
		ADDED from hybris-Mobile-Apps-SDK-Android\yCommerceApp\AndroidManifest.xml:95:13-43
	android:exported
		ADDED from hybris-Mobile-Apps-SDK-Android\yCommerceApp\AndroidManifest.xml:94:13-37
	android:name
		ADDED from hybris-Mobile-Apps-SDK-Android\yCommerceApp\AndroidManifest.xml:93:13-87
intent-filter#android.intent.action.VIEW+android.intent.category.BROWSABLE+android.intent.category.DEFAULT
ADDED from hybris-Mobile-Apps-SDK-Android\yCommerceApp\AndroidManifest.xml:99:13-106:29
action#android.intent.action.VIEW
ADDED from hybris-Mobile-Apps-SDK-Android\yCommerceApp\AndroidManifest.xml:100:17-69
	android:name
		ADDED from hybris-Mobile-Apps-SDK-Android\yCommerceApp\AndroidManifest.xml:100:25-66
category#android.intent.category.DEFAULT
ADDED from hybris-Mobile-Apps-SDK-Android\yCommerceApp\AndroidManifest.xml:102:17-76
	android:name
		ADDED from hybris-Mobile-Apps-SDK-Android\yCommerceApp\AndroidManifest.xml:102:27-73
category#android.intent.category.BROWSABLE
ADDED from hybris-Mobile-Apps-SDK-Android\yCommerceApp\AndroidManifest.xml:103:17-78
	android:name
		ADDED from hybris-Mobile-Apps-SDK-Android\yCommerceApp\AndroidManifest.xml:103:27-75
data
ADDED from hybris-Mobile-Apps-SDK-Android\yCommerceApp\AndroidManifest.xml:105:17-49
	android:scheme
		ADDED from hybris-Mobile-Apps-SDK-Android\yCommerceApp\AndroidManifest.xml:105:23-46
activity#com.hybris.mobile.app.commerce.activity.ProductDetailActivity
ADDED from hybris-Mobile-Apps-SDK-Android\yCommerceApp\AndroidManifest.xml:112:9-121:20
	android:name
		ADDED from hybris-Mobile-Apps-SDK-Android\yCommerceApp\AndroidManifest.xml:112:19-95
activity#com.hybris.mobile.app.commerce.activity.CheckoutActivity
ADDED from hybris-Mobile-Apps-SDK-Android\yCommerceApp\AndroidManifest.xml:122:9-63
	android:name
		ADDED from hybris-Mobile-Apps-SDK-Android\yCommerceApp\AndroidManifest.xml:122:19-60
activity#com.hybris.mobile.app.commerce.activity.OrderConfirmationActivity
ADDED from hybris-Mobile-Apps-SDK-Android\yCommerceApp\AndroidManifest.xml:123:9-102
	android:name
		ADDED from hybris-Mobile-Apps-SDK-Android\yCommerceApp\AndroidManifest.xml:123:19-99
activity#com.hybris.mobile.app.commerce.activity.SettingsActivity
ADDED from hybris-Mobile-Apps-SDK-Android\yCommerceApp\AndroidManifest.xml:124:9-93
	android:name
		ADDED from hybris-Mobile-Apps-SDK-Android\yCommerceApp\AndroidManifest.xml:124:19-90
activity#com.hybris.mobile.app.commerce.activity.UrlSettingsActivity
ADDED from hybris-Mobile-Apps-SDK-Android\yCommerceApp\AndroidManifest.xml:125:9-96
	android:name
		ADDED from hybris-Mobile-Apps-SDK-Android\yCommerceApp\AndroidManifest.xml:125:19-93
activity#com.hybris.mobile.app.commerce.activity.StoreLocatorActivity
ADDED from hybris-Mobile-Apps-SDK-Android\yCommerceApp\AndroidManifest.xml:126:9-97
	android:name
		ADDED from hybris-Mobile-Apps-SDK-Android\yCommerceApp\AndroidManifest.xml:126:19-94
activity#com.hybris.mobile.app.commerce.activity.StoreDetailsActivity
ADDED from hybris-Mobile-Apps-SDK-Android\yCommerceApp\AndroidManifest.xml:127:9-97
	android:name
		ADDED from hybris-Mobile-Apps-SDK-Android\yCommerceApp\AndroidManifest.xml:127:19-94
activity#net.hockeyapp.android.UpdateActivity
ADDED from hybris-Mobile-Apps-SDK-Android\yCommerceApp\AndroidManifest.xml:128:9-130:58
	android:screenOrientation
		ADDED from hybris-Mobile-Apps-SDK-Android\yCommerceApp\AndroidManifest.xml:130:13-55
	android:name
		ADDED from hybris-Mobile-Apps-SDK-Android\yCommerceApp\AndroidManifest.xml:129:13-64
receiver#com.hybris.mobile.app.commerce.broadcast.NetworkChangeBroadcastReceiver
ADDED from hybris-Mobile-Apps-SDK-Android\yCommerceApp\AndroidManifest.xml:132:9-136:20
	android:name
		ADDED from hybris-Mobile-Apps-SDK-Android\yCommerceApp\AndroidManifest.xml:132:19-105
intent-filter#android.net.conn.CONNECTIVITY_CHANGE
ADDED from hybris-Mobile-Apps-SDK-Android\yCommerceApp\AndroidManifest.xml:133:13-135:29
action#android.net.conn.CONNECTIVITY_CHANGE
ADDED from hybris-Mobile-Apps-SDK-Android\yCommerceApp\AndroidManifest.xml:134:17-79
	android:name
		ADDED from hybris-Mobile-Apps-SDK-Android\yCommerceApp\AndroidManifest.xml:134:25-76
activity#net.hockeyapp.android.FeedbackActivity
ADDED from hybris-Mobile-Apps-SDK-Android\yCommerceApp\AndroidManifest.xml:139:9-75
	android:name
		ADDED from hybris-Mobile-Apps-SDK-Android\yCommerceApp\AndroidManifest.xml:139:19-72
service#com.hybris.mobile.lib.commerce.sync.CatalogAuthenticatorService
ADDED from hybris-Mobile-Apps-SDK-Android\yCommerceApp\AndroidManifest.xml:142:9-158:19
	android:name
		ADDED from hybris-Mobile-Apps-SDK-Android\yCommerceApp\AndroidManifest.xml:142:18-96
intent-filter#android.accounts.AccountAuthenticator
ADDED from hybris-Mobile-Apps-SDK-Android\yCommerceApp\AndroidManifest.xml:143:13-145:29
action#android.accounts.AccountAuthenticator
ADDED from hybris-Mobile-Apps-SDK-Android\yCommerceApp\AndroidManifest.xml:144:17-80
	android:name
		ADDED from hybris-Mobile-Apps-SDK-Android\yCommerceApp\AndroidManifest.xml:144:25-77
meta-data#android.accounts.AccountAuthenticator
ADDED from hybris-Mobile-Apps-SDK-Android\yCommerceApp\AndroidManifest.xml:147:13-149:57
	android:resource
		ADDED from hybris-Mobile-Apps-SDK-Android\yCommerceApp\AndroidManifest.xml:149:17-54
	android:name
		ADDED from hybris-Mobile-Apps-SDK-Android\yCommerceApp\AndroidManifest.xml:148:17-69
meta-data#account_name
ADDED from hybris-Mobile-Apps-SDK-Android\yCommerceApp\AndroidManifest.xml:151:13-153:56
	android:value
		ADDED from hybris-Mobile-Apps-SDK-Android\yCommerceApp\AndroidManifest.xml:153:17-53
	android:name
		ADDED from hybris-Mobile-Apps-SDK-Android\yCommerceApp\AndroidManifest.xml:152:17-44
meta-data#account_type
ADDED from hybris-Mobile-Apps-SDK-Android\yCommerceApp\AndroidManifest.xml:155:13-157:56
	android:value
		ADDED from hybris-Mobile-Apps-SDK-Android\yCommerceApp\AndroidManifest.xml:157:17-53
	android:name
		ADDED from hybris-Mobile-Apps-SDK-Android\yCommerceApp\AndroidManifest.xml:156:17-44
provider#com.hybris.mobile.lib.commerce.provider.CatalogProvider
ADDED from hybris-Mobile-Apps-SDK-Android\yCommerceApp\AndroidManifest.xml:160:9-174:20
	android:authorities
		ADDED from hybris-Mobile-Apps-SDK-Android\yCommerceApp\AndroidManifest.xml:162:13-61
	android:syncable
		ADDED from hybris-Mobile-Apps-SDK-Android\yCommerceApp\AndroidManifest.xml:164:13-36
	android:exported
		ADDED from hybris-Mobile-Apps-SDK-Android\yCommerceApp\AndroidManifest.xml:163:13-37
	android:name
		ADDED from hybris-Mobile-Apps-SDK-Android\yCommerceApp\AndroidManifest.xml:161:13-83
meta-data#db_name
ADDED from hybris-Mobile-Apps-SDK-Android\yCommerceApp\AndroidManifest.xml:166:13-168:51
	android:value
		ADDED from hybris-Mobile-Apps-SDK-Android\yCommerceApp\AndroidManifest.xml:168:17-48
	android:name
		ADDED from hybris-Mobile-Apps-SDK-Android\yCommerceApp\AndroidManifest.xml:167:17-39
meta-data#db_version
ADDED from hybris-Mobile-Apps-SDK-Android\yCommerceApp\AndroidManifest.xml:170:13-172:55
	android:value
		ADDED from hybris-Mobile-Apps-SDK-Android\yCommerceApp\AndroidManifest.xml:172:17-52
	android:name
		ADDED from hybris-Mobile-Apps-SDK-Android\yCommerceApp\AndroidManifest.xml:171:17-42
activity#com.google.android.gms.common.api.GoogleApiActivity
ADDED from [com.google.android.gms:play-services-base:9.0.0] AndroidManifest.xml:20:9-22:45
	android:exported
		ADDED from [com.google.android.gms:play-services-base:9.0.0] AndroidManifest.xml:22:19-43
	android:theme
		ADDED from [com.google.android.gms:play-services-base:9.0.0] AndroidManifest.xml:21:19-78
	android:name
		ADDED from [com.google.android.gms:play-services-base:9.0.0] AndroidManifest.xml:20:19-85
provider#com.google.firebase.provider.FirebaseInitProvider
ADDED from [com.google.firebase:firebase-common:9.0.0] AndroidManifest.xml:7:9-11:39
	android:authorities
		ADDED from [com.google.firebase:firebase-common:9.0.0] AndroidManifest.xml:8:13-72
	android:exported
		ADDED from [com.google.firebase:firebase-common:9.0.0] AndroidManifest.xml:10:13-37
	android:initOrder
		ADDED from [com.google.firebase:firebase-common:9.0.0] AndroidManifest.xml:11:13-36
	android:name
		ADDED from [com.google.firebase:firebase-common:9.0.0] AndroidManifest.xml:9:13-58
activity#com.hybris.mobile.lib.scanner.activity.BarCodeScannerActivity
ADDED from [hybris-Mobile-Apps-SDK-Android:yScannerLibrary:unspecified] AndroidManifest.xml:10:9-98
	android:name
		ADDED from [hybris-Mobile-Apps-SDK-Android:yScannerLibrary:unspecified] AndroidManifest.xml:10:19-95
uses-permission#android.permission.CAMERA
ADDED from [com.journeyapps:zxing-android-embedded:3.2.0] AndroidManifest.xml:21:5-65
	android:name
		ADDED from [com.journeyapps:zxing-android-embedded:3.2.0] AndroidManifest.xml:21:22-62
uses-feature#android.hardware.camera
ADDED from [com.journeyapps:zxing-android-embedded:3.2.0] AndroidManifest.xml:24:5-26:36
	android:required
		ADDED from [com.journeyapps:zxing-android-embedded:3.2.0] AndroidManifest.xml:26:9-33
	android:name
		ADDED from [com.journeyapps:zxing-android-embedded:3.2.0] AndroidManifest.xml:25:9-47
uses-feature#android.hardware.camera.front
ADDED from [com.journeyapps:zxing-android-embedded:3.2.0] AndroidManifest.xml:27:5-29:36
	android:required
		ADDED from [com.journeyapps:zxing-android-embedded:3.2.0] AndroidManifest.xml:29:9-33
	android:name
		ADDED from [com.journeyapps:zxing-android-embedded:3.2.0] AndroidManifest.xml:28:9-53
uses-feature#android.hardware.camera.autofocus
ADDED from [com.journeyapps:zxing-android-embedded:3.2.0] AndroidManifest.xml:32:5-34:36
	android:required
		ADDED from [com.journeyapps:zxing-android-embedded:3.2.0] AndroidManifest.xml:34:9-33
	android:name
		ADDED from [com.journeyapps:zxing-android-embedded:3.2.0] AndroidManifest.xml:33:9-57
uses-feature#android.hardware.camera.flash
ADDED from [com.journeyapps:zxing-android-embedded:3.2.0] AndroidManifest.xml:35:5-37:36
	android:required
		ADDED from [com.journeyapps:zxing-android-embedded:3.2.0] AndroidManifest.xml:37:9-33
	android:name
		ADDED from [com.journeyapps:zxing-android-embedded:3.2.0] AndroidManifest.xml:36:9-53
uses-feature#android.hardware.screen.landscape
ADDED from [com.journeyapps:zxing-android-embedded:3.2.0] AndroidManifest.xml:38:5-40:36
	android:required
		ADDED from [com.journeyapps:zxing-android-embedded:3.2.0] AndroidManifest.xml:40:9-33
	android:name
		ADDED from [com.journeyapps:zxing-android-embedded:3.2.0] AndroidManifest.xml:39:9-57
uses-feature#android.hardware.wifi
ADDED from [com.journeyapps:zxing-android-embedded:3.2.0] AndroidManifest.xml:41:5-43:36
	android:required
		ADDED from [com.journeyapps:zxing-android-embedded:3.2.0] AndroidManifest.xml:43:9-33
	android:name
		ADDED from [com.journeyapps:zxing-android-embedded:3.2.0] AndroidManifest.xml:42:9-45
activity#com.journeyapps.barcodescanner.CaptureActivity
ADDED from [com.journeyapps:zxing-android-embedded:3.2.0] AndroidManifest.xml:46:9-52:63
	android:clearTaskOnLaunch
		ADDED from [com.journeyapps:zxing-android-embedded:3.2.0] AndroidManifest.xml:48:13-45
	android:screenOrientation
		ADDED from [com.journeyapps:zxing-android-embedded:3.2.0] AndroidManifest.xml:49:13-56
	android:stateNotNeeded
		ADDED from [com.journeyapps:zxing-android-embedded:3.2.0] AndroidManifest.xml:50:13-42
	android:windowSoftInputMode
		ADDED from [com.journeyapps:zxing-android-embedded:3.2.0] AndroidManifest.xml:52:13-60
	android:theme
		ADDED from [com.journeyapps:zxing-android-embedded:3.2.0] AndroidManifest.xml:51:13-54
	android:name
		ADDED from [com.journeyapps:zxing-android-embedded:3.2.0] AndroidManifest.xml:47:13-74